android/app/build/intermediates/manifest_merge_blame_file/debug/manifest-merger-blame-debug-report.txt
1<?xml version="1.0" encoding="utf-8"?>
2<manifest xmlns:android="http://schemas.android.com/apk/res/android"
3    package="com.example.practice"
4    android:versionCode="1"
5    android:versionName="1.0.0" >
6
7    <uses-sdk
8        android:minSdkVersion="24"
9        android:targetSdkVersion="35" />
10    <!--
11         The INTERNET permission is required for development. Specifically,
12         the Flutter tool needs it to communicate with the running application
13         to allow setting breakpoints, to provide hot reload, etc.
14    -->
15    <uses-permission android:name="android.permission.INTERNET" />
15-->src/main/AndroidManifest.xml:5:5-66
15-->src/main/AndroidManifest.xml:5:22-64
16    <uses-permission android:name="android.permission.WRITE_EXTERNAL_STORAGE" />
16-->src/main/AndroidManifest.xml:3:5-80
16-->src/main/AndroidManifest.xml:3:22-78
17    <uses-permission android:name="android.permission.READ_EXTERNAL_STORAGE" />
17-->src/main/AndroidManifest.xml:4:5-79
17-->src/main/AndroidManifest.xml:4:22-77
18    <uses-permission android:name="android.permission.ACCESS_FINE_LOCATION" />
18-->src/main/AndroidManifest.xml:6:5-78
18-->src/main/AndroidManifest.xml:6:22-76
19    <!--
20 Required to query activities that can process text, see:
21         https://developer.android.com/training/package-visibility and
22         https://developer.android.com/reference/android/content/Intent#ACTION_PROCESS_TEXT.
23
24         In particular, this is used by the Flutter engine in io.flutter.plugin.text.ProcessTextPlugin.
25    -->
26    <queries>
26-->src/main/AndroidManifest.xml:49:5-54:15
27        <intent>
27-->src/main/AndroidManifest.xml:50:9-53:18
28            <action android:name="android.intent.action.PROCESS_TEXT" />
28-->src/main/AndroidManifest.xml:51:13-72
28-->src/main/AndroidManifest.xml:51:21-70
29
30            <data android:mimeType="text/plain" />
30-->src/main/AndroidManifest.xml:52:13-50
30-->src/main/AndroidManifest.xml:52:19-48
31        </intent>
32        <!-- Needs to be explicitly declared on Android R+ -->
33        <package android:name="com.google.android.apps.maps" />
33-->[com.google.android.gms:play-services-maps:18.2.0] AndroidManifest.xml:33:9-64
33-->[com.google.android.gms:play-services-maps:18.2.0] AndroidManifest.xml:33:18-61
34    </queries>
35
36    <uses-permission android:name="android.permission.ACCESS_COARSE_LOCATION" /> <!-- Include required permissions for Google Maps API to run. -->
36-->[:location] AndroidManifest.xml:9:5-81
36-->[:location] AndroidManifest.xml:9:22-78
37    <uses-permission android:name="android.permission.ACCESS_NETWORK_STATE" />
37-->[com.google.android.gms:play-services-maps:18.2.0] AndroidManifest.xml:23:5-79
37-->[com.google.android.gms:play-services-maps:18.2.0] AndroidManifest.xml:23:22-76
38
39    <uses-feature
39-->[com.google.android.gms:play-services-maps:18.2.0] AndroidManifest.xml:26:5-28:35
40        android:glEsVersion="0x00020000"
40-->[com.google.android.gms:play-services-maps:18.2.0] AndroidManifest.xml:27:9-41
41        android:required="true" />
41-->[com.google.android.gms:play-services-maps:18.2.0] AndroidManifest.xml:28:9-32
42
43    <uses-permission android:name="com.google.android.providers.gsf.permission.READ_GSERVICES" />
43-->[com.google.android.recaptcha:recaptcha:18.6.1] AndroidManifest.xml:9:5-98
43-->[com.google.android.recaptcha:recaptcha:18.6.1] AndroidManifest.xml:9:22-95
44
45    <permission
45-->[androidx.core:core:1.13.1] AndroidManifest.xml:22:5-24:47
46        android:name="com.example.practice.DYNAMIC_RECEIVER_NOT_EXPORTED_PERMISSION"
46-->[androidx.core:core:1.13.1] AndroidManifest.xml:23:9-81
47        android:protectionLevel="signature" />
47-->[androidx.core:core:1.13.1] AndroidManifest.xml:24:9-44
48
49    <uses-permission android:name="com.example.practice.DYNAMIC_RECEIVER_NOT_EXPORTED_PERMISSION" />
49-->[androidx.core:core:1.13.1] AndroidManifest.xml:26:5-97
49-->[androidx.core:core:1.13.1] AndroidManifest.xml:26:22-94
50
51    <application
52        android:name="android.app.Application"
53        android:appComponentFactory="androidx.core.app.CoreComponentFactory"
53-->[androidx.core:core:1.13.1] AndroidManifest.xml:28:18-86
54        android:debuggable="true"
55        android:extractNativeLibs="false"
56        android:icon="@mipmap/ic_launcher"
57        android:label="practice" >
58        <activity
59            android:name="com.example.practice.MainActivity"
60            android:configChanges="orientation|keyboardHidden|keyboard|screenSize|smallestScreenSize|locale|layoutDirection|fontScale|screenLayout|density|uiMode"
61            android:exported="true"
62            android:hardwareAccelerated="true"
63            android:launchMode="singleTop"
64            android:taskAffinity=""
65            android:theme="@style/LaunchTheme"
66            android:windowSoftInputMode="adjustResize" >
67
68            <!--
69                 Specifies an Android theme to apply to this Activity as soon as
70                 the Android process has started. This theme is visible to the user
71                 while the Flutter UI initializes. After that, this theme continues
72                 to determine the Window background behind the Flutter UI.
73            -->
74            <meta-data
75                android:name="io.flutter.embedding.android.NormalTheme"
76                android:resource="@style/NormalTheme" />
77
78            <intent-filter>
79                <action android:name="android.intent.action.MAIN" />
80
81                <category android:name="android.intent.category.LAUNCHER" />
82            </intent-filter>
83        </activity>
84        <!--
85             Don't delete the meta-data below.
86             This is used by the Flutter tool to generate GeneratedPluginRegistrant.java
87        -->
88
89        <meta-data
90            android:name="com.google.android.geo.API_KEY"
91            android:value="AIzaSyDb2eumQ4Ung99A11CqhusUgUYmUphReL4" />
92        <meta-data
93            android:name="flutterEmbedding"
94            android:value="2" />
95
96        <service
96-->[:location] AndroidManifest.xml:13:9-17:56
97            android:name="com.lyokone.location.FlutterLocationService"
97-->[:location] AndroidManifest.xml:14:13-71
98            android:enabled="true"
98-->[:location] AndroidManifest.xml:15:13-35
99            android:exported="false"
99-->[:location] AndroidManifest.xml:16:13-37
100            android:foregroundServiceType="location" />
100-->[:location] AndroidManifest.xml:17:13-53
101        <service
101-->[:cloud_firestore] AndroidManifest.xml:10:9-14:19
102            android:name="com.google.firebase.components.ComponentDiscoveryService"
102-->[:cloud_firestore] AndroidManifest.xml:10:18-89
103            android:directBootAware="true"
103-->[com.google.firebase:firebase-common:21.0.0] AndroidManifest.xml:32:13-43
104            android:exported="false" >
104-->[com.google.firebase:firebase-auth:23.2.1] AndroidManifest.xml:68:13-37
105            <meta-data
105-->[:cloud_firestore] AndroidManifest.xml:11:13-13:85
106                android:name="com.google.firebase.components:io.flutter.plugins.firebase.firestore.FlutterFirebaseFirestoreRegistrar"
106-->[:cloud_firestore] AndroidManifest.xml:12:17-134
107                android:value="com.google.firebase.components.ComponentRegistrar" />
107-->[:cloud_firestore] AndroidManifest.xml:13:17-82
108            <meta-data
108-->[:firebase_auth] AndroidManifest.xml:11:13-13:85
109                android:name="com.google.firebase.components:io.flutter.plugins.firebase.auth.FlutterFirebaseAuthRegistrar"
109-->[:firebase_auth] AndroidManifest.xml:12:17-124
110                android:value="com.google.firebase.components.ComponentRegistrar" />
110-->[:firebase_auth] AndroidManifest.xml:13:17-82
111            <meta-data
111-->[:firebase_database] AndroidManifest.xml:11:13-13:85
112                android:name="com.google.firebase.components:io.flutter.plugins.firebase.database.FlutterFirebaseAppRegistrar"
112-->[:firebase_database] AndroidManifest.xml:12:17-127
113                android:value="com.google.firebase.components.ComponentRegistrar" />
113-->[:firebase_database] AndroidManifest.xml:13:17-82
114            <meta-data
114-->[:firebase_storage] AndroidManifest.xml:11:13-13:85
115                android:name="com.google.firebase.components:io.flutter.plugins.firebase.storage.FlutterFirebaseAppRegistrar"
115-->[:firebase_storage] AndroidManifest.xml:12:17-126
116                android:value="com.google.firebase.components.ComponentRegistrar" />
116-->[:firebase_storage] AndroidManifest.xml:13:17-82
117            <meta-data
117-->[:firebase_core] AndroidManifest.xml:11:13-13:85
118                android:name="com.google.firebase.components:io.flutter.plugins.firebase.core.FlutterFirebaseCoreRegistrar"
118-->[:firebase_core] AndroidManifest.xml:12:17-124
119                android:value="com.google.firebase.components.ComponentRegistrar" />
119-->[:firebase_core] AndroidManifest.xml:13:17-82
120            <meta-data
120-->[com.google.firebase:firebase-auth:23.2.1] AndroidManifest.xml:69:13-71:85
121                android:name="com.google.firebase.components:com.google.firebase.auth.FirebaseAuthRegistrar"
121-->[com.google.firebase:firebase-auth:23.2.1] AndroidManifest.xml:70:17-109
122                android:value="com.google.firebase.components.ComponentRegistrar" />
122-->[com.google.firebase:firebase-auth:23.2.1] AndroidManifest.xml:71:17-82
123            <meta-data
123-->[com.google.firebase:firebase-database:21.0.0] AndroidManifest.xml:29:13-31:85
124                android:name="com.google.firebase.components:com.google.firebase.database.FirebaseDatabaseKtxRegistrar"
124-->[com.google.firebase:firebase-database:21.0.0] AndroidManifest.xml:30:17-120
125                android:value="com.google.firebase.components.ComponentRegistrar" />
125-->[com.google.firebase:firebase-database:21.0.0] AndroidManifest.xml:31:17-82
126            <meta-data
126-->[com.google.firebase:firebase-database:21.0.0] AndroidManifest.xml:32:13-34:85
127                android:name="com.google.firebase.components:com.google.firebase.database.DatabaseRegistrar"
127-->[com.google.firebase:firebase-database:21.0.0] AndroidManifest.xml:33:17-109
128                android:value="com.google.firebase.components.ComponentRegistrar" />
128-->[com.google.firebase:firebase-database:21.0.0] AndroidManifest.xml:34:17-82
129            <meta-data
129-->[com.google.firebase:firebase-firestore:25.1.4] AndroidManifest.xml:17:13-19:85
130                android:name="com.google.firebase.components:com.google.firebase.firestore.FirebaseFirestoreKtxRegistrar"
130-->[com.google.firebase:firebase-firestore:25.1.4] AndroidManifest.xml:18:17-122
131                android:value="com.google.firebase.components.ComponentRegistrar" />
131-->[com.google.firebase:firebase-firestore:25.1.4] AndroidManifest.xml:19:17-82
132            <meta-data
132-->[com.google.firebase:firebase-firestore:25.1.4] AndroidManifest.xml:20:13-22:85
133                android:name="com.google.firebase.components:com.google.firebase.firestore.FirestoreRegistrar"
133-->[com.google.firebase:firebase-firestore:25.1.4] AndroidManifest.xml:21:17-111
134                android:value="com.google.firebase.components.ComponentRegistrar" />
134-->[com.google.firebase:firebase-firestore:25.1.4] AndroidManifest.xml:22:17-82
135            <meta-data
135-->[com.google.firebase:firebase-storage:21.0.2] AndroidManifest.xml:30:13-32:85
136                android:name="com.google.firebase.components:com.google.firebase.storage.FirebaseStorageKtxRegistrar"
136-->[com.google.firebase:firebase-storage:21.0.2] AndroidManifest.xml:31:17-118
137                android:value="com.google.firebase.components.ComponentRegistrar" />
137-->[com.google.firebase:firebase-storage:21.0.2] AndroidManifest.xml:32:17-82
138            <meta-data
138-->[com.google.firebase:firebase-storage:21.0.2] AndroidManifest.xml:33:13-35:85
139                android:name="com.google.firebase.components:com.google.firebase.storage.StorageRegistrar"
139-->[com.google.firebase:firebase-storage:21.0.2] AndroidManifest.xml:34:17-107
140                android:value="com.google.firebase.components.ComponentRegistrar" />
140-->[com.google.firebase:firebase-storage:21.0.2] AndroidManifest.xml:35:17-82
141            <meta-data
141-->[com.google.firebase:firebase-appcheck:18.0.0] AndroidManifest.xml:25:13-27:85
142                android:name="com.google.firebase.components:com.google.firebase.appcheck.FirebaseAppCheckKtxRegistrar"
142-->[com.google.firebase:firebase-appcheck:18.0.0] AndroidManifest.xml:26:17-120
143                android:value="com.google.firebase.components.ComponentRegistrar" />
143-->[com.google.firebase:firebase-appcheck:18.0.0] AndroidManifest.xml:27:17-82
144            <meta-data
144-->[com.google.firebase:firebase-appcheck:18.0.0] AndroidManifest.xml:28:13-30:85
145                android:name="com.google.firebase.components:com.google.firebase.appcheck.FirebaseAppCheckRegistrar"
145-->[com.google.firebase:firebase-appcheck:18.0.0] AndroidManifest.xml:29:17-117
146                android:value="com.google.firebase.components.ComponentRegistrar" />
146-->[com.google.firebase:firebase-appcheck:18.0.0] AndroidManifest.xml:30:17-82
147            <meta-data
147-->[com.google.firebase:firebase-common-ktx:21.0.0] AndroidManifest.xml:12:13-14:85
148                android:name="com.google.firebase.components:com.google.firebase.ktx.FirebaseCommonLegacyRegistrar"
148-->[com.google.firebase:firebase-common-ktx:21.0.0] AndroidManifest.xml:13:17-116
149                android:value="com.google.firebase.components.ComponentRegistrar" />
149-->[com.google.firebase:firebase-common-ktx:21.0.0] AndroidManifest.xml:14:17-82
150            <meta-data
150-->[com.google.firebase:firebase-common:21.0.0] AndroidManifest.xml:35:13-37:85
151                android:name="com.google.firebase.components:com.google.firebase.FirebaseCommonKtxRegistrar"
151-->[com.google.firebase:firebase-common:21.0.0] AndroidManifest.xml:36:17-109
152                android:value="com.google.firebase.components.ComponentRegistrar" />
152-->[com.google.firebase:firebase-common:21.0.0] AndroidManifest.xml:37:17-82
153        </service>
154
155        <provider
155-->[:image_picker_android] AndroidManifest.xml:11:9-19:20
156            android:name="io.flutter.plugins.imagepicker.ImagePickerFileProvider"
156-->[:image_picker_android] AndroidManifest.xml:12:13-82
157            android:authorities="com.example.practice.flutter.image_provider"
157-->[:image_picker_android] AndroidManifest.xml:13:13-74
158            android:exported="false"
158-->[:image_picker_android] AndroidManifest.xml:14:13-37
159            android:grantUriPermissions="true" >
159-->[:image_picker_android] AndroidManifest.xml:15:13-47
160            <meta-data
160-->[:image_picker_android] AndroidManifest.xml:16:13-18:75
161                android:name="android.support.FILE_PROVIDER_PATHS"
161-->[:image_picker_android] AndroidManifest.xml:17:17-67
162                android:resource="@xml/flutter_image_picker_file_paths" />
162-->[:image_picker_android] AndroidManifest.xml:18:17-72
163        </provider> <!-- Trigger Google Play services to install the backported photo picker module. -->
164        <service
164-->[:image_picker_android] AndroidManifest.xml:21:9-33:19
165            android:name="com.google.android.gms.metadata.ModuleDependencies"
165-->[:image_picker_android] AndroidManifest.xml:22:13-78
166            android:enabled="false"
166-->[:image_picker_android] AndroidManifest.xml:23:13-36
167            android:exported="false" >
167-->[:image_picker_android] AndroidManifest.xml:24:13-37
168            <intent-filter>
168-->[:image_picker_android] AndroidManifest.xml:26:13-28:29
169                <action android:name="com.google.android.gms.metadata.MODULE_DEPENDENCIES" />
169-->[:image_picker_android] AndroidManifest.xml:27:17-94
169-->[:image_picker_android] AndroidManifest.xml:27:25-91
170            </intent-filter>
171
172            <meta-data
172-->[:image_picker_android] AndroidManifest.xml:30:13-32:36
173                android:name="photopicker_activity:0:required"
173-->[:image_picker_android] AndroidManifest.xml:31:17-63
174                android:value="" />
174-->[:image_picker_android] AndroidManifest.xml:32:17-33
175        </service>
176
177        <activity
177-->[:url_launcher_android] AndroidManifest.xml:10:9-13:74
178            android:name="io.flutter.plugins.urllauncher.WebViewActivity"
178-->[:url_launcher_android] AndroidManifest.xml:11:13-74
179            android:exported="false"
179-->[:url_launcher_android] AndroidManifest.xml:12:13-37
180            android:theme="@android:style/Theme.NoTitleBar.Fullscreen" /> <!-- Needs to be explicitly declared on P+ -->
180-->[:url_launcher_android] AndroidManifest.xml:13:13-71
181        <uses-library
181-->[com.google.android.gms:play-services-maps:18.2.0] AndroidManifest.xml:39:9-41:40
182            android:name="org.apache.http.legacy"
182-->[com.google.android.gms:play-services-maps:18.2.0] AndroidManifest.xml:40:13-50
183            android:required="false" />
183-->[com.google.android.gms:play-services-maps:18.2.0] AndroidManifest.xml:41:13-37
184
185        <activity
185-->[com.google.firebase:firebase-auth:23.2.1] AndroidManifest.xml:29:9-46:20
186            android:name="com.google.firebase.auth.internal.GenericIdpActivity"
186-->[com.google.firebase:firebase-auth:23.2.1] AndroidManifest.xml:30:13-80
187            android:excludeFromRecents="true"
187-->[com.google.firebase:firebase-auth:23.2.1] AndroidManifest.xml:31:13-46
188            android:exported="true"
188-->[com.google.firebase:firebase-auth:23.2.1] AndroidManifest.xml:32:13-36
189            android:launchMode="singleTask"
189-->[com.google.firebase:firebase-auth:23.2.1] AndroidManifest.xml:33:13-44
190            android:theme="@android:style/Theme.Translucent.NoTitleBar" >
190-->[com.google.firebase:firebase-auth:23.2.1] AndroidManifest.xml:34:13-72
191            <intent-filter>
191-->[com.google.firebase:firebase-auth:23.2.1] AndroidManifest.xml:35:13-45:29
192                <action android:name="android.intent.action.VIEW" />
192-->[com.google.firebase:firebase-auth:23.2.1] AndroidManifest.xml:36:17-69
192-->[com.google.firebase:firebase-auth:23.2.1] AndroidManifest.xml:36:25-66
193
194                <category android:name="android.intent.category.DEFAULT" />
194-->[com.google.firebase:firebase-auth:23.2.1] AndroidManifest.xml:38:17-76
194-->[com.google.firebase:firebase-auth:23.2.1] AndroidManifest.xml:38:27-73
195                <category android:name="android.intent.category.BROWSABLE" />
195-->[com.google.firebase:firebase-auth:23.2.1] AndroidManifest.xml:39:17-78
195-->[com.google.firebase:firebase-auth:23.2.1] AndroidManifest.xml:39:27-75
196
197                <data
197-->src/main/AndroidManifest.xml:52:13-50
198                    android:host="firebase.auth"
199                    android:path="/"
200                    android:scheme="genericidp" />
201            </intent-filter>
202        </activity>
203        <activity
203-->[com.google.firebase:firebase-auth:23.2.1] AndroidManifest.xml:47:9-64:20
204            android:name="com.google.firebase.auth.internal.RecaptchaActivity"
204-->[com.google.firebase:firebase-auth:23.2.1] AndroidManifest.xml:48:13-79
205            android:excludeFromRecents="true"
205-->[com.google.firebase:firebase-auth:23.2.1] AndroidManifest.xml:49:13-46
206            android:exported="true"
206-->[com.google.firebase:firebase-auth:23.2.1] AndroidManifest.xml:50:13-36
207            android:launchMode="singleTask"
207-->[com.google.firebase:firebase-auth:23.2.1] AndroidManifest.xml:51:13-44
208            android:theme="@android:style/Theme.Translucent.NoTitleBar" >
208-->[com.google.firebase:firebase-auth:23.2.1] AndroidManifest.xml:52:13-72
209            <intent-filter>
209-->[com.google.firebase:firebase-auth:23.2.1] AndroidManifest.xml:53:13-63:29
210                <action android:name="android.intent.action.VIEW" />
210-->[com.google.firebase:firebase-auth:23.2.1] AndroidManifest.xml:36:17-69
210-->[com.google.firebase:firebase-auth:23.2.1] AndroidManifest.xml:36:25-66
211
212                <category android:name="android.intent.category.DEFAULT" />
212-->[com.google.firebase:firebase-auth:23.2.1] AndroidManifest.xml:38:17-76
212-->[com.google.firebase:firebase-auth:23.2.1] AndroidManifest.xml:38:27-73
213                <category android:name="android.intent.category.BROWSABLE" />
213-->[com.google.firebase:firebase-auth:23.2.1] AndroidManifest.xml:39:17-78
213-->[com.google.firebase:firebase-auth:23.2.1] AndroidManifest.xml:39:27-75
214
215                <data
215-->src/main/AndroidManifest.xml:52:13-50
216                    android:host="firebase.auth"
217                    android:path="/"
218                    android:scheme="recaptcha" />
219            </intent-filter>
220        </activity>
221
222        <service
222-->[androidx.credentials:credentials-play-services-auth:1.2.0-rc01] AndroidManifest.xml:24:9-32:19
223            android:name="androidx.credentials.playservices.CredentialProviderMetadataHolder"
223-->[androidx.credentials:credentials-play-services-auth:1.2.0-rc01] AndroidManifest.xml:25:13-94
224            android:enabled="true"
224-->[androidx.credentials:credentials-play-services-auth:1.2.0-rc01] AndroidManifest.xml:26:13-35
225            android:exported="false" >
225-->[androidx.credentials:credentials-play-services-auth:1.2.0-rc01] AndroidManifest.xml:27:13-37
226            <meta-data
226-->[androidx.credentials:credentials-play-services-auth:1.2.0-rc01] AndroidManifest.xml:29:13-31:104
227                android:name="androidx.credentials.CREDENTIAL_PROVIDER_KEY"
227-->[androidx.credentials:credentials-play-services-auth:1.2.0-rc01] AndroidManifest.xml:30:17-76
228                android:value="androidx.credentials.playservices.CredentialProviderPlayServicesImpl" />
228-->[androidx.credentials:credentials-play-services-auth:1.2.0-rc01] AndroidManifest.xml:31:17-101
229        </service>
230
231        <activity
231-->[androidx.credentials:credentials-play-services-auth:1.2.0-rc01] AndroidManifest.xml:34:9-41:20
232            android:name="androidx.credentials.playservices.HiddenActivity"
232-->[androidx.credentials:credentials-play-services-auth:1.2.0-rc01] AndroidManifest.xml:35:13-76
233            android:configChanges="orientation|screenSize|screenLayout|keyboardHidden"
233-->[androidx.credentials:credentials-play-services-auth:1.2.0-rc01] AndroidManifest.xml:36:13-87
234            android:enabled="true"
234-->[androidx.credentials:credentials-play-services-auth:1.2.0-rc01] AndroidManifest.xml:37:13-35
235            android:exported="false"
235-->[androidx.credentials:credentials-play-services-auth:1.2.0-rc01] AndroidManifest.xml:38:13-37
236            android:fitsSystemWindows="true"
236-->[androidx.credentials:credentials-play-services-auth:1.2.0-rc01] AndroidManifest.xml:39:13-45
237            android:theme="@style/Theme.Hidden" >
237-->[androidx.credentials:credentials-play-services-auth:1.2.0-rc01] AndroidManifest.xml:40:13-48
238        </activity>
239        <activity
239-->[com.google.android.gms:play-services-auth:20.7.0] AndroidManifest.xml:23:9-27:75
240            android:name="com.google.android.gms.auth.api.signin.internal.SignInHubActivity"
240-->[com.google.android.gms:play-services-auth:20.7.0] AndroidManifest.xml:24:13-93
241            android:excludeFromRecents="true"
241-->[com.google.android.gms:play-services-auth:20.7.0] AndroidManifest.xml:25:13-46
242            android:exported="false"
242-->[com.google.android.gms:play-services-auth:20.7.0] AndroidManifest.xml:26:13-37
243            android:theme="@android:style/Theme.Translucent.NoTitleBar" />
243-->[com.google.android.gms:play-services-auth:20.7.0] AndroidManifest.xml:27:13-72
244        <!--
245            Service handling Google Sign-In user revocation. For apps that do not integrate with
246            Google Sign-In, this service will never be started.
247        -->
248        <service
248-->[com.google.android.gms:play-services-auth:20.7.0] AndroidManifest.xml:33:9-37:51
249            android:name="com.google.android.gms.auth.api.signin.RevocationBoundService"
249-->[com.google.android.gms:play-services-auth:20.7.0] AndroidManifest.xml:34:13-89
250            android:exported="true"
250-->[com.google.android.gms:play-services-auth:20.7.0] AndroidManifest.xml:35:13-36
251            android:permission="com.google.android.gms.auth.api.signin.permission.REVOCATION_NOTIFICATION"
251-->[com.google.android.gms:play-services-auth:20.7.0] AndroidManifest.xml:36:13-107
252            android:visibleToInstantApps="true" />
252-->[com.google.android.gms:play-services-auth:20.7.0] AndroidManifest.xml:37:13-48
253
254        <activity
254-->[com.google.android.gms:play-services-base:18.3.0] AndroidManifest.xml:20:9-22:45
255            android:name="com.google.android.gms.common.api.GoogleApiActivity"
255-->[com.google.android.gms:play-services-base:18.3.0] AndroidManifest.xml:20:19-85
256            android:exported="false"
256-->[com.google.android.gms:play-services-base:18.3.0] AndroidManifest.xml:22:19-43
257            android:theme="@android:style/Theme.Translucent.NoTitleBar" />
257-->[com.google.android.gms:play-services-base:18.3.0] AndroidManifest.xml:21:19-78
258
259        <provider
259-->[com.google.firebase:firebase-common:21.0.0] AndroidManifest.xml:23:9-28:39
260            android:name="com.google.firebase.provider.FirebaseInitProvider"
260-->[com.google.firebase:firebase-common:21.0.0] AndroidManifest.xml:24:13-77
261            android:authorities="com.example.practice.firebaseinitprovider"
261-->[com.google.firebase:firebase-common:21.0.0] AndroidManifest.xml:25:13-72
262            android:directBootAware="true"
262-->[com.google.firebase:firebase-common:21.0.0] AndroidManifest.xml:26:13-43
263            android:exported="false"
263-->[com.google.firebase:firebase-common:21.0.0] AndroidManifest.xml:27:13-37
264            android:initOrder="100" />
264-->[com.google.firebase:firebase-common:21.0.0] AndroidManifest.xml:28:13-36
265
266        <uses-library
266-->[androidx.window:window:1.2.0] AndroidManifest.xml:23:9-25:40
267            android:name="androidx.window.extensions"
267-->[androidx.window:window:1.2.0] AndroidManifest.xml:24:13-54
268            android:required="false" />
268-->[androidx.window:window:1.2.0] AndroidManifest.xml:25:13-37
269        <uses-library
269-->[androidx.window:window:1.2.0] AndroidManifest.xml:26:9-28:40
270            android:name="androidx.window.sidecar"
270-->[androidx.window:window:1.2.0] AndroidManifest.xml:27:13-51
271            android:required="false" />
271-->[androidx.window:window:1.2.0] AndroidManifest.xml:28:13-37
272
273        <meta-data
273-->[com.google.android.gms:play-services-basement:18.4.0] AndroidManifest.xml:6:9-122
274            android:name="com.google.android.gms.version"
274-->[com.google.android.gms:play-services-basement:18.4.0] AndroidManifest.xml:6:20-65
275            android:value="@integer/google_play_services_version" />
275-->[com.google.android.gms:play-services-basement:18.4.0] AndroidManifest.xml:6:66-119
276
277        <provider
277-->[androidx.lifecycle:lifecycle-process:2.7.0] AndroidManifest.xml:24:9-32:20
278            android:name="androidx.startup.InitializationProvider"
278-->[androidx.lifecycle:lifecycle-process:2.7.0] AndroidManifest.xml:25:13-67
279            android:authorities="com.example.practice.androidx-startup"
279-->[androidx.lifecycle:lifecycle-process:2.7.0] AndroidManifest.xml:26:13-68
280            android:exported="false" >
280-->[androidx.lifecycle:lifecycle-process:2.7.0] AndroidManifest.xml:27:13-37
281            <meta-data
281-->[androidx.lifecycle:lifecycle-process:2.7.0] AndroidManifest.xml:29:13-31:52
282                android:name="androidx.lifecycle.ProcessLifecycleInitializer"
282-->[androidx.lifecycle:lifecycle-process:2.7.0] AndroidManifest.xml:30:17-78
283                android:value="androidx.startup" />
283-->[androidx.lifecycle:lifecycle-process:2.7.0] AndroidManifest.xml:31:17-49
284            <meta-data
284-->[androidx.profileinstaller:profileinstaller:1.3.1] AndroidManifest.xml:29:13-31:52
285                android:name="androidx.profileinstaller.ProfileInstallerInitializer"
285-->[androidx.profileinstaller:profileinstaller:1.3.1] AndroidManifest.xml:30:17-85
286                android:value="androidx.startup" />
286-->[androidx.profileinstaller:profileinstaller:1.3.1] AndroidManifest.xml:31:17-49
287        </provider>
288
289        <receiver
289-->[androidx.profileinstaller:profileinstaller:1.3.1] AndroidManifest.xml:34:9-52:20
290            android:name="androidx.profileinstaller.ProfileInstallReceiver"
290-->[androidx.profileinstaller:profileinstaller:1.3.1] AndroidManifest.xml:35:13-76
291            android:directBootAware="false"
291-->[androidx.profileinstaller:profileinstaller:1.3.1] AndroidManifest.xml:36:13-44
292            android:enabled="true"
292-->[androidx.profileinstaller:profileinstaller:1.3.1] AndroidManifest.xml:37:13-35
293            android:exported="true"
293-->[androidx.profileinstaller:profileinstaller:1.3.1] AndroidManifest.xml:38:13-36
294            android:permission="android.permission.DUMP" >
294-->[androidx.profileinstaller:profileinstaller:1.3.1] AndroidManifest.xml:39:13-57
295            <intent-filter>
295-->[androidx.profileinstaller:profileinstaller:1.3.1] AndroidManifest.xml:40:13-42:29
296                <action android:name="androidx.profileinstaller.action.INSTALL_PROFILE" />